<?xml version="1.0" encoding="UTF-8"?>
<!-- Generated by org.testng.reporters.JUnitReportReporter -->
<testsuite hostname="DESKTOP-2PSCSJ2" failures="0" tests="3" name="com.stctvsubscription.testcases.SubscriptionTestSuite" time="49.820" errors="0" timestamp="2024-05-24T15:24:21 AST" skipped="0">
  <testcase classname="com.stctvsubscription.testcases.SubscriptionTestSuite" name="verifyStcTVSubscriptionTypesforKSA" time="18.997"/>
  <system-out/>
  <testcase classname="com.stctvsubscription.testcases.SubscriptionTestSuite" name="verifyStcTVSubscriptionTypesforKSA" time="14.169"/>
  <system-out/>
  <testcase classname="com.stctvsubscription.testcases.SubscriptionTestSuite" name="verifyStcTVSubscriptionTypesforKSA" time="16.654"/>
  <system-out/>
</testsuite> <!-- com.stctvsubscription.testcases.SubscriptionTestSuite -->
