<?xml version="1.0" encoding="UTF-8"?>
<!-- Generated by org.testng.reporters.JUnitReportReporter -->
<testsuite hostname="DESKTOP-2PSCSJ2" failures="0" tests="9" name="com.stctvsubscription.testcases.SubscriptionTest" time="30.948" errors="0" timestamp="2024-08-11T15:36:00 AST" skipped="0">
  <testcase classname="com.stctvsubscription.testcases.SubscriptionTest" name="verifyStcTVSubscriptionTypesforKSA" time="3.569"/>
  <system-out>
    <![CDATA[Changing country to Saudi Arabia from header
Assert on Subscription Page
Assert country<b> KSA</b> has currency code<b>: SAR</b> and currency name<b>: Saudi Riyal</b>
Assert Subscription Type<b>: CLASSIC</b> and Subcription Price<b>: 25 SAR/month</b> matches testdata]]>
  </system-out>
  <testcase classname="com.stctvsubscription.testcases.SubscriptionTest" name="verifyStcTVSubscriptionTypesforKSA" time="5.374"/>
  <system-out>
    <![CDATA[Changing country to Saudi Arabia from header
Assert on Subscription Page
Assert country<b> KSA</b> has currency code<b>: SAR</b> and currency name<b>: Saudi Riyal</b>
Assert Subscription Type<b>: LITE</b> and Subcription Price<b>: 15 SAR/month</b> matches testdata]]>
  </system-out>
  <testcase classname="com.stctvsubscription.testcases.SubscriptionTest" name="verifyStcTVSubscriptionTypesforKSA" time="3.660"/>
  <system-out>
    <![CDATA[Changing country to Saudi Arabia from header
Assert on Subscription Page
Assert country<b> KSA</b> has currency code<b>: SAR</b> and currency name<b>: Saudi Riyal</b>
Assert Subscription Type<b>: PREMIUM</b> and Subcription Price<b>: 60 SAR/month</b> matches testdata]]>
  </system-out>
  <testcase classname="com.stctvsubscription.testcases.SubscriptionTest" name="verifyStcTVSubscriptionTypesforBahrain" time="3.692"/>
  <system-out>
    <![CDATA[Changing country to Bahrain from header
Assert on Subscription Page
Assert country<b> Bahrain</b> has currency code<b>: BHD</b> and currency name<b>: Bahraini Dinar</b>
Assert Subscription Type<b>: LITE</b> and Subcription Price<b>: 2 BHD/month</b> matches testdata]]>
  </system-out>
  <testcase classname="com.stctvsubscription.testcases.SubscriptionTest" name="verifyStcTVSubscriptionTypesforBahrain" time="2.713"/>
  <system-out>
    <![CDATA[Changing country to Bahrain from header
Assert on Subscription Page
Assert country<b> Bahrain</b> has currency code<b>: BHD</b> and currency name<b>: Bahraini Dinar</b>
Assert Subscription Type<b>: PREMIUM</b> and Subcription Price<b>: 6 BHD/month</b> matches testdata]]>
  </system-out>
  <testcase classname="com.stctvsubscription.testcases.SubscriptionTest" name="verifyStcTVSubscriptionTypesforBahrain" time="2.975"/>
  <system-out>
    <![CDATA[Changing country to Bahrain from header
Assert on Subscription Page
Assert country<b> Bahrain</b> has currency code<b>: BHD</b> and currency name<b>: Bahraini Dinar</b>
Assert Subscription Type<b>: CLASSIC</b> and Subcription Price<b>: 3 BHD/month</b> matches testdata]]>
  </system-out>
  <testcase classname="com.stctvsubscription.testcases.SubscriptionTest" name="verifyStcTVSubscriptionTypesforKuwait" time="2.860"/>
  <system-out>
    <![CDATA[Changing country to Kuwait from header
Assert on Subscription Page
Assert country<b> Kuwait</b> has currency code<b>: KWD</b> and currency name<b>: Kuwaiti Dinar</b>
Assert Subscription Type<b>: CLASSIC</b> and Subcription Price<b>: 2.5 KWD/month</b> matches testdata]]>
  </system-out>
  <testcase classname="com.stctvsubscription.testcases.SubscriptionTest" name="verifyStcTVSubscriptionTypesforKuwait" time="3.597"/>
  <system-out>
    <![CDATA[Changing country to Kuwait from header
Assert on Subscription Page
Assert country<b> Kuwait</b> has currency code<b>: KWD</b> and currency name<b>: Kuwaiti Dinar</b>
Assert Subscription Type<b>: LITE</b> and Subcription Price<b>: 1.2 KWD/month</b> matches testdata]]>
  </system-out>
  <testcase classname="com.stctvsubscription.testcases.SubscriptionTest" name="verifyStcTVSubscriptionTypesforKuwait" time="2.508"/>
  <system-out>
    <![CDATA[Changing country to Kuwait from header
Assert on Subscription Page
Assert country<b> Kuwait</b> has currency code<b>: KWD</b> and currency name<b>: Kuwaiti Dinar</b>
Assert Subscription Type<b>: PREMIUM</b> and Subcription Price<b>: 4.8 KWD/month</b> matches testdata]]>
  </system-out>
</testsuite> <!-- com.stctvsubscription.testcases.SubscriptionTest -->
