<?xml version="1.0" encoding="UTF-8"?>
<!-- Generated by org.testng.reporters.JUnitReportReporter -->
<testsuite hostname="DESKTOP-2PSCSJ2" failures="0" tests="3" name="com.stctvsubscription.testcases.SubscriptionTest" time="4.623" errors="0" timestamp="2024-05-25T21:45:23 AST" skipped="0">
  <testcase classname="com.stctvsubscription.testcases.SubscriptionTest" name="verifyStcTVSubscriptionTypesforBahrain" time="1.487"/>
  <system-out>
    <![CDATA[Changing country to Bahrain from header
Assert on Subscription Page
Assert country<b> Bahrain</b> has currency code<b>: BHD</b> and currency name<b>: Bahraini Dinar</b>
Assert Subscription Type<b>: CLASSIC</b> and Subcription Price<b>: 3 BHD/month</b> matches testdata]]>
  </system-out>
  <testcase classname="com.stctvsubscription.testcases.SubscriptionTest" name="verifyStcTVSubscriptionTypesforBahrain" time="1.657"/>
  <system-out>
    <![CDATA[Changing country to Bahrain from header
Assert on Subscription Page
Assert country<b> Bahrain</b> has currency code<b>: BHD</b> and currency name<b>: Bahraini Dinar</b>
Assert Subscription Type<b>: LITE</b> and Subcription Price<b>: 2 BHD/month</b> matches testdata]]>
  </system-out>
  <testcase classname="com.stctvsubscription.testcases.SubscriptionTest" name="verifyStcTVSubscriptionTypesforBahrain" time="1.479"/>
  <system-out>
    <![CDATA[Changing country to Bahrain from header
Assert on Subscription Page
Assert country<b> Bahrain</b> has currency code<b>: BHD</b> and currency name<b>: Bahraini Dinar</b>
Assert Subscription Type<b>: PREMIUM</b> and Subcription Price<b>: 6 BHD/month</b> matches testdata]]>
  </system-out>
</testsuite> <!-- com.stctvsubscription.testcases.SubscriptionTest -->
